#
# There is insufficient memory for the Java Runtime Environment to continue.
# Native memory allocation (malloc) failed to allocate 1048576 bytes for AllocateHeap
# Possible reasons:
#   The system is out of physical RAM or swap space
#   The process is running with CompressedOops enabled, and the Java Heap may be blocking the growth of the native heap
# Possible solutions:
#   Reduce memory load on the system
#   Increase physical memory or swap space
#   Check if swap backing store is full
#   Decrease Java heap size (-Xmx/-Xms)
#   Decrease number of Java threads
#   Decrease Java thread stack sizes (-Xss)
#   Set larger code cache with -XX:ReservedCodeCacheSize=
#   JVM is running with Unscaled Compressed Oops mode in which the Java heap is
#     placed in the first 4GB address space. The Java Heap base address is the
#     maximum limit for the native heap growth. Please use -XX:HeapBaseMinAddress
#     to set the Java Heap base and to place the Java Heap above 4GB virtual address.
# This output file may be truncated or incomplete.
#
#  Out of Memory Error (memory/allocation.inline.hpp:61), pid=15616, tid=0x00000000000043c8
#
# JRE version:  (8.0_211-b12) (build )
# Java VM: Java HotSpot(TM) 64-Bit Server VM (25.211-b12 mixed mode windows-amd64 compressed oops)
# Failed to write core dump. Minidumps are not enabled by default on client versions of Windows
#

---------------  T H R E A D  ---------------

Current thread (0x0000000002975800):  JavaThread "Unknown thread" [_thread_in_vm, id=17352, stack(0x0000000002870000,0x0000000002970000)]

Stack: [0x0000000002870000,0x0000000002970000]
[error occurred during error reporting (printing stack bounds), id 0xc0000005]

Native frames: (J=compiled Java code, j=interpreted, Vv=VM code, C=native code)


---------------  P R O C E S S  ---------------

Java Threads: ( => current thread )

Other Threads:

=>0x0000000002975800 (exited) JavaThread "Unknown thread" [_thread_in_vm, id=17352, stack(0x0000000002870000,0x0000000002970000)]

VM state:not at safepoint (normal execution)

VM Mutex/Monitor currently owned by a thread: None

heap address: 0x0000000081a00000, size: 2022 MB, Compressed Oops mode: 32-bit
Narrow klass base: 0x0000000000000000, Narrow klass shift: 3
Compressed class space size: 1073741824 Address: 0x0000000100000000

Heap:
 PSYoungGen      total 38400K, used 665K [0x00000000d5e00000, 0x00000000d8880000, 0x0000000100000000)
  eden space 33280K, 2% used [0x00000000d5e00000,0x00000000d5ea6670,0x00000000d7e80000)
  from space 5120K, 0% used [0x00000000d8380000,0x00000000d8380000,0x00000000d8880000)
  to   space 5120K, 0% used [0x00000000d7e80000,0x00000000d7e80000,0x00000000d8380000)
 ParOldGen       total 87552K, used 0K [0x0000000081a00000, 0x0000000086f80000, 0x00000000d5e00000)
  object space 87552K, 0% used [0x0000000081a00000,0x0000000081a00000,0x0000000086f80000)
 Metaspace       used 762K, capacity 4480K, committed 4480K, reserved 1056768K
  class space    used 76K, capacity 384K, committed 384K, reserved 1048576K

Card table byte_map: [0x0000000011e30000,0x0000000012230000] byte_map_base: 0x0000000011a23000

Marking Bits: (ParMarkBitMap*) 0x0000000073d45ce0
 Begin Bits: [0x00000000128e0000, 0x0000000014878000)
 End Bits:   [0x0000000014878000, 0x0000000016810000)

Polling page: 0x0000000000f10000

CodeCache: size=245760Kb used=328Kb max_used=328Kb free=245431Kb
 bounds [0x0000000002a70000, 0x0000000002ce0000, 0x0000000011a70000]
 total_blobs=58 nmethods=0 adapters=38
 compilation: enabled

Compilation events (0 events):
No events

GC Heap History (0 events):
No events

Deoptimization events (0 events):
No events

Classes redefined (0 events):
No events

Internal exceptions (0 events):
No events

Events (10 events):
Event: 0.031 loading class java/lang/Short
Event: 0.031 loading class java/lang/Short done
Event: 0.031 loading class java/lang/Integer
Event: 0.031 loading class java/lang/Integer done
Event: 0.031 loading class java/lang/Long
Event: 0.031 loading class java/lang/Long done
Event: 0.032 loading class java/lang/NullPointerException
Event: 0.032 loading class java/lang/NullPointerException done
Event: 0.032 loading class java/lang/ArithmeticException
Event: 0.032 loading class java/lang/ArithmeticException done


Dynamic libraries:
0x00007ff70b840000 - 0x00007ff70b877000 	C:\Program Files\Java\jre1.8.0_211\bin\javaw.exe
0x00007ffcfb2b0000 - 0x00007ffcfb49d000 	C:\Windows\SYSTEM32\ntdll.dll
0x00007ffcfadf0000 - 0x00007ffcfaea3000 	C:\Windows\System32\KERNEL32.DLL
0x00007ffcf78a0000 - 0x00007ffcf7b33000 	C:\Windows\System32\KERNELBASE.dll
0x00007ffcf84f0000 - 0x00007ffcf8593000 	C:\Windows\System32\ADVAPI32.dll
0x00007ffcfacb0000 - 0x00007ffcfad4e000 	C:\Windows\System32\msvcrt.dll
0x00007ffcf8650000 - 0x00007ffcf86ee000 	C:\Windows\System32\sechost.dll
0x00007ffcf8e20000 - 0x00007ffcf8f42000 	C:\Windows\System32\RPCRT4.dll
0x00007ffcfb0e0000 - 0x00007ffcfb277000 	C:\Windows\System32\USER32.dll
0x00007ffcf7420000 - 0x00007ffcf7440000 	C:\Windows\System32\win32u.dll
0x00007ffcfab50000 - 0x00007ffcfab79000 	C:\Windows\System32\GDI32.dll
0x00007ffcf7680000 - 0x00007ffcf781a000 	C:\Windows\System32\gdi32full.dll
0x00007ffcf7380000 - 0x00007ffcf7420000 	C:\Windows\System32\msvcp_win.dll
0x00007ffcf7b40000 - 0x00007ffcf7c3a000 	C:\Windows\System32\ucrtbase.dll
0x00007ffced2d0000 - 0x00007ffced549000 	C:\Windows\WinSxS\amd64_microsoft.windows.common-controls_6595b64144ccf1df_6.0.17763.503_none_05b23ef40721f4ae\COMCTL32.dll
0x00007ffcf88b0000 - 0x00007ffcf8bdc000 	C:\Windows\System32\combase.dll
0x00007ffcf7820000 - 0x00007ffcf789e000 	C:\Windows\System32\bcryptPrimitives.dll
0x00007ffcfad50000 - 0x00007ffcfad7e000 	C:\Windows\System32\IMM32.DLL
0x0000000074e70000 - 0x0000000074f42000 	C:\Program Files\Java\jre1.8.0_211\bin\msvcr100.dll
0x0000000073520000 - 0x0000000073dc5000 	C:\Program Files\Java\jre1.8.0_211\bin\server\jvm.dll
0x00007ffcfa9d0000 - 0x00007ffcfa9d8000 	C:\Windows\System32\PSAPI.DLL
0x00007ffce4f40000 - 0x00007ffce4f49000 	C:\Windows\SYSTEM32\WSOCK32.dll
0x00007ffcee2d0000 - 0x00007ffcee2f4000 	C:\Windows\SYSTEM32\WINMM.dll
0x00007ffcfad80000 - 0x00007ffcfaded000 	C:\Windows\System32\WS2_32.dll
0x00007ffcefa20000 - 0x00007ffcefa2a000 	C:\Windows\SYSTEM32\VERSION.dll
0x00007ffcee2a0000 - 0x00007ffcee2cd000 	C:\Windows\SYSTEM32\winmmbase.dll
0x00007ffcf8460000 - 0x00007ffcf84aa000 	C:\Windows\System32\cfgmgr32.dll
0x00007ffcf2970000 - 0x00007ffcf297f000 	C:\Program Files\Java\jre1.8.0_211\bin\verify.dll
0x00007ffcf1070000 - 0x00007ffcf1099000 	C:\Program Files\Java\jre1.8.0_211\bin\java.dll
0x00007ffcf0930000 - 0x00007ffcf0965000 	C:\Program Files\Java\jre1.8.0_211\bin\jdwp.dll
0x00007ffcf2c50000 - 0x00007ffcf2c58000 	C:\Program Files\Java\jre1.8.0_211\bin\npt.dll
0x00007ffcf1050000 - 0x00007ffcf1066000 	C:\Program Files\Java\jre1.8.0_211\bin\zip.dll

VM Arguments:
jvm_args: -agentlib:jdwp=transport=dt_socket,suspend=y,address=localhost:3795 -Dcom.sun.management.jmxremote -Dcom.sun.management.jmxremote.port=3794 -Dcom.sun.management.jmxremote.authenticate=false -Dcom.sun.management.jmxremote.ssl=false -Djava.rmi.server.hostname=localhost -Dspring.jmx.enabled=true -Dspring.application.admin.enabled=true -Xverify:none -XX:TieredStopAtLevel=1 -Dfile.encoding=UTF-8 
java_command: com.example.demo.PafClient2Application --spring.output.ansi.enabled=always
java_class_path (initial): C:\Users\knims\Desktop\PAF\Projects\PafClient-2\target\classes;C:\Users\knims\.m2\repository\org\springframework\boot\spring-boot-starter-thymeleaf\2.1.4.RELEASE\spring-boot-starter-thymeleaf-2.1.4.RELEASE.jar;C:\Users\knims\.m2\repository\org\springframework\boot\spring-boot-starter\2.1.4.RELEASE\spring-boot-starter-2.1.4.RELEASE.jar;C:\Users\knims\.m2\repository\org\springframework\boot\spring-boot-starter-logging\2.1.4.RELEASE\spring-boot-starter-logging-2.1.4.RELEASE.jar;C:\Users\knims\.m2\repository\ch\qos\logback\logback-classic\1.2.3\logback-classic-1.2.3.jar;C:\Users\knims\.m2\repository\ch\qos\logback\logback-core\1.2.3\logback-core-1.2.3.jar;C:\Users\knims\.m2\repository\org\apache\logging\log4j\log4j-to-slf4j\2.11.2\log4j-to-slf4j-2.11.2.jar;C:\Users\knims\.m2\repository\org\apache\logging\log4j\log4j-api\2.11.2\log4j-api-2.11.2.jar;C:\Users\knims\.m2\repository\org\slf4j\jul-to-slf4j\1.7.26\jul-to-slf4j-1.7.26.jar;C:\Users\knims\.m2\repository\javax\annotation\javax.annotation-api\1.3.2\javax.annotation-api-1.3.2.jar;C:\Users\knims\.m2\repository\org\yaml\snakeyaml\1.23\snakeyaml-1.23.jar;C:\Users\knims\.m2\repository\org\thymeleaf\thymeleaf-spring5\3.0.11.RELEASE\thymeleaf-spring5-3.0.11.RELEASE.jar;C:\Users\knims\.m2\repository\org\thymeleaf\thymeleaf\3.0.11.RELEASE\thymeleaf-3.0.11.RELEASE.jar;C:\Users\knims\.m2\repository\org\attoparser\attoparser\2.0.5.RELEASE\attoparser-2.0.5.RELEASE.jar;C:\Users\knims\.m2\repository\org\unbescape\unbescape\1.1.6.RELEASE\unbescape-1.1.6.RELEASE.jar;C:\Users\knims\.m2\repository\org\slf4j\slf4j-api\1.7.26\slf4j-api-1.7.26.jar;C:\Users\knims\.m2\repository\org\thymeleaf\extras\thymeleaf-extras-java8time\3.0.4.RELEASE\thymeleaf-extras-java8time-3.0.4.RELEASE.jar;C:\Users\knims\.m2\repository\org\apache\tomcat\embed\tomcat-embed-jasper\9.0.17\tomcat-embed-jasper-9.0.17.jar;C:\Users\knims\.m2\repository\org\apache\tomcat\embed\tomcat-embed-core\9.0.17\tomcat-embed-core-9.0.17.jar;C:\Users\kn
Launcher Type: SUN_STANDARD

Environment Variables:
JAVA_HOME=C:\Program Files\Java\jdk-11.0.2
PATH=C:/Program Files/Java/jre1.8.0_211/bin/server;C:/Program Files/Java/jre1.8.0_211/bin;C:/Program Files/Java/jre1.8.0_211/lib/amd64;C:\Program Files\Microsoft MPI\Bin\;C:\Program Files (x86)\Common Files\Oracle\Java\javapath;C:\oraclexe\app\oracle\product\11.2.0\server\bin;C:\Windows\system32;C:\Windows;C:\Windows\System32\Wbem;C:\Windows\System32\WindowsPowerShell\v1.0\;C:\Windows\System32\OpenSSH\;C:\Program Files\Java\jdk-11.0.2\bin;C:\Program Files (x86)\Microsoft SQL Server\130\Tools\Binn\;C:\Program Files\Microsoft SQL Server\130\Tools\Binn\;C:\Program Files (x86)\Microsoft SQL Server\130\DTS\Binn\;C:\Program Files\Microsoft SQL Server\130\DTS\Binn\;C:\Program Files\Microsoft SQL Server\Client SDK\ODBC\130\Tools\Binn\;C:\Program Files (x86)\Microsoft SQL Server\Client SDK\ODBC\130\Tools\Binn\;C:\Program Files (x86)\Microsoft SQL Server\140\Tools\Binn\;C:\Program Files (x86)\Microsoft SQL Server\140\DTS\Binn\;C:\Program Files (x86)\Microsoft SQL Server\140\Tools\Binn\ManagementStudio\;C:\Program Files (x86)\Microsoft SQL Server\110\DTS\Binn\;C:\Program Files (x86)\Microsoft SQL Server\120\DTS\Binn\;C:\Program Files\Git\cmd;C:\Program Files\Maven\apache-maven-3.6.0\bin;C:\Program Files\MySQL\MySQL Shell 8.0\bin\;C:\Users\knims\Downloads\New folder\sts-4.2.1.RELEASE;
USERNAME=knims
OS=Windows_NT
PROCESSOR_IDENTIFIER=Intel64 Family 6 Model 69 Stepping 1, GenuineIntel



---------------  S Y S T E M  ---------------

OS: Windows 10.0 , 64 bit Build 17763 (10.0.17763.475)

CPU:total 4 (initial active 4) (2 cores per cpu, 2 threads per core) family 6 model 69 stepping 1, cmov, cx8, fxsr, mmx, sse, sse2, sse3, ssse3, sse4.1, sse4.2, popcnt, avx, avx2, aes, clmul, erms, lzcnt, ht, tsc, tscinvbit, bmi1, bmi2

Memory: 4k page, physical 8274284k(1496292k free), swap 33440108k(5268k free)

vm_info: Java HotSpot(TM) 64-Bit Server VM (25.211-b12) for windows-amd64 JRE (1.8.0_211-b12), built on Apr  1 2019 20:53:26 by "java_re" with MS VC++ 10.0 (VS2010)

time: Sat May 18 20:26:23 2019
timezone: Sri Lanka Standard Time
elapsed time: 0 seconds (0d 0h 0m 0s)

